<?xml version="1.0" encoding="UTF-8"?>
<testsuite name="runners.RunnerTags" tests="0" skipped="0" failures="0" errors="0" timestamp="1970-01-01T00:00:00" hostname="CHMEPF35EAXH" time="0.0">
  <properties/>
  <system-out><![CDATA[@Regresion
Feature: Compra de articulos en la pagina de Saucedemo
  Se espera que el usuario pueda realizar diferentes compras de articulos
  en la aplicación, asi como tambien que pueda agregar y quitar articulos
  de su compra

  @CasoExitoso
  Scenario Outline: Compra de articulos con el usuario estandar ?[90m# src/test/resources/gherkin/saucedemo.feature:8?[0m
    ?[36mGiven Autentico en saucedemo con usuario "standard_user" y contraseña "secret_sauce"?[0m

    Examples: 

  @Regresion @CasoExitoso
  Scenario Outline: Compra de articulos con el usuario estandar                          ?[90m# src/test/resources/gherkin/saucedemo.feature:16?[0m

1 Scenarios (?[33m1 pending?[0m)
1 Steps (?[33m1 pending?[0m)
0m10,043s

cucumber.api.PendingException: TODO: implement me
	at definitions.StepsDefinitions.autenticoEnSaucedemoConUsuarioYContraseña(StepsDefinitions.java:20)
	at ?.Autentico en saucedemo con usuario "standard_user" y contraseña "secret_sauce"(src/test/resources/gherkin/saucedemo.feature:9)

]]></system-out>
  <system-err><![CDATA[[Test worker] INFO net.thucydides.core.steps.ConsoleLoggingListener - 

-------------------------------------------------------------------------------------
     _______. _______ .______       _______ .__   __.  __  .___________.____    ____ 
    /       ||   ____||   _  \     |   ____||  \ |  | |  | |           |\   \  /   / 
   |   (----`|  |__   |  |_)  |    |  |__   |   \|  | |  | `---|  |----` \   \/   /  
    \   \    |   __|  |      /     |   __|  |  . `  | |  |     |  |       \_    _/   
.----)   |   |  |____ |  |\  \----.|  |____ |  |\   | |  |     |  |         |  |     
|_______/    |_______|| _| `._____||_______||__| \__| |__|     |__|         |__|    
                                                                                     
 News and tutorials at http://www.serenity-bdd.info                                  
 Documentation at https://wakaleo.gitbooks.io/the-serenity-book/content/             
 Join the Serenity Community on Rocket Chat at https://serenity-bdd.rocket.chat      
 Serenity BDD Support and Training at http://serenity-bdd.info/#/trainingandsupport  
 Learn Serenity BDD online at http://serenity-dojo.com                               
-------------------------------------------------------------------------------------

[Test worker] INFO net.thucydides.core.steps.ConsoleLoggingListener - Test Suite Started: Compra de articulos en la pagina de Saucedemo
[Test worker] INFO net.thucydides.core.steps.ConsoleLoggingListener - 
 _____ _____ ____ _____   ____ _____  _    ____ _____ _____ ____  
|_   _| ____/ ___|_   _| / ___|_   _|/ \  |  _ \_   _| ____|  _ \ 
  | | |  _| \___ \ | |   \___ \ | | / _ \ | |_) || | |  _| | | | |
  | | | |___ ___) || |    ___) || |/ ___ \|  _ < | | | |___| |_| |
  |_| |_____|____/ |_|   |____/ |_/_/   \_\_| \_\|_| |_____|____/ 
                                                                  

TEST STARTED: Compra de articulos con el usuario estandar
-------------------------------------------------------------------(compra-de-articulos-en-la-pagina-de-saucedemo;compra-de-articulos-con-el-usuario-estandar)
[Test worker] INFO net.thucydides.core.steps.ConsoleLoggingListener - 
          __  _____ _____ ____ _____   ____  _____ _   _ ____ ___ _   _  ____ 
 _       / / |_   _| ____/ ___|_   _| |  _ \| ____| \ | |  _ \_ _| \ | |/ ___|
(_)____ / /    | | |  _| \___ \ | |   | |_) |  _| |  \| | | | | ||  \| | |  _ 
 |_____/ /     | | | |___ ___) || |   |  __/| |___| |\  | |_| | || |\  | |_| |
(_)   /_/      |_| |_____|____/ |_|   |_|   |_____|_| \_|____/___|_| \_|\____|
                                                                                

TEST PENDING: Compra de articulos con el usuario estandar
---------------------------------------------------------------------------------
]]></system-err>
</testsuite>
